{"uuid": "d13c11aa-9f2c-479c-8026-a5b06d3bcc11", "children": ["67df71d2-7920-467a-bc3a-f40a25b88478"], "befores": [{"name": "commonKeywords.Start TestCase", "status": "failed", "statusDetails": {"message": "WebDriverException: Message: unknown error: net::ERR_CONNECTION_TIMED_OUT\n  (Session info: chrome=139.0.7258.138)\nStacktrace:\n\tGetHandleVerifier [0x0x7ff615b778d5+2802741]\n\tGetHandleVerifier [0x0x7ff6158deb70+79568]\n\t(No symbol) [0x0x7ff61567c0fa]\n\t(No symbol) [0x0x7ff615678ea0]\n\t(No symbol) [0x0x7ff615669cc9]\n\t(No symbol) [0x0x7ff61566ba81]\n\t(No symbol) [0x0x7ff615669fe6]\n\t(No symbol) [0x0x7ff615669a46]\n\t(No symbol) [0x0x7ff61566970a]\n\t(No symbol) [0x0x7ff6156672db]\n\t(No symbol) [0x0x7ff615667b5c]\n\t(No symbol) [0x0x7ff6156800aa]\n\t(No symbol) [0x0x7ff615723bce]\n\t(No symbol) [0x0x7ff6156fac8a]\n\t(No symbol) [0x0x7ff615722e24]\n\t(No symbol) [0x0x7ff6156faa63]\n\t(No symbol) [0x0x7ff6156c3c91]\n\t(No symbol) [0x0x7ff6156c4a23]\n\tGetHandleVerifier [0x0x7ff615ba2ced+2979917]\n\tGetHandleVerifier [0x0x7ff615b9d0f3+2956371]\n\tGetHandleVerifier [0x0x7ff615bbacbd+3078173]\n\tGetHandleVerifier [0x0x7ff6158f836e+184014]\n\tGetHandleVerifier [0x0x7ff61590024f+216495]\n\tGetHandleVerifier [0x0x7ff6158e70c4+113700]\n\tGetHandleVerifier [0x0x7ff6158e7279+114137]\n\tGetHandleVerifier [0x0x7ff6158cdf78+10968]\n\tBaseThreadInitThunk [0x0x7ffe872ae8d7+23]\n\tRtlUserThreadStart [0x0x7ffe88cdc34c+44]\n"}, "steps": [{"name": "BuiltIn.Evaluate", "status": "passed", "statusDetails": {}, "attachments": [{"name": "Keyword Log", "source": "00a7e6cc-5840-439d-b936-a0e5e1b5ba92-attachment.html", "type": "text/html"}], "parameters": [{"name": "arg1", "value": "sys.modules['selenium.webdriver'].${browser_name}Options()"}, {"name": "arg2", "value": "sys, selenium.webdriver"}], "start": 1755697300746, "stop": 1755697300884}, {"name": "BuiltIn.Call Method", "status": "passed", "statusDetails": {}, "parameters": [{"name": "arg1", "value": "${options}"}, {"name": "arg2", "value": "add_argument"}, {"name": "arg3", "value": "--headed"}], "start": 1755697300886, "stop": 1755697300890}, {"name": "BuiltIn.Call Method", "status": "passed", "statusDetails": {}, "parameters": [{"name": "arg1", "value": "${options}"}, {"name": "arg2", "value": "add_argument"}, {"name": "arg3", "value": "--no-sandbox"}], "start": 1755697300894, "stop": 1755697300896}, {"name": "BuiltIn.Call Method", "status": "passed", "statusDetails": {}, "parameters": [{"name": "arg1", "value": "${options}"}, {"name": "arg2", "value": "add_argument"}, {"name": "arg3", "value": "--disable-dev-shm-usage"}], "start": 1755697300897, "stop": 1755697300899}, {"name": "BuiltIn.Evaluate", "status": "passed", "statusDetails": {}, "attachments": [{"name": "Keyword Log", "source": "f82784e2-baf7-4ab1-baff-58fc4209cc63-attachment.html", "type": "text/html"}], "parameters": [{"name": "arg1", "value": "__import__('tempfile').mkdtemp()"}, {"name": "arg2", "value": "modules=tempfile"}], "start": 1755697300901, "stop": 1755697300960}, {"name": "BuiltIn.Set Variable", "status": "passed", "statusDetails": {}, "attachments": [{"name": "Keyword Log", "source": "1afab905-840a-477a-8b45-10fe6883175a-attachment.html", "type": "text/html"}], "parameters": [{"name": "arg1", "value": "--user-data-dir=${profile_dir}"}], "start": 1755697300962, "stop": 1755697301024}, {"name": "BuiltIn.Call Method", "status": "passed", "statusDetails": {}, "parameters": [{"name": "arg1", "value": "${options}"}, {"name": "arg2", "value": "add_argument"}, {"name": "arg3", "value": "${user_data_arg}"}], "start": 1755697301029, "stop": 1755697301030}, {"name": "SeleniumLibrary.Create Webdriver", "status": "passed", "statusDetails": {}, "attachments": [{"name": "Keyword Log", "source": "7f95da50-0965-41ec-aa40-57afda48c6e8-attachment.html", "type": "text/html"}], "parameters": [{"name": "arg1", "value": "Chrome"}, {"name": "arg2", "value": "options=${options}"}], "start": 1755697301030, "stop": 1755697309311}, {"name": "SeleniumLibrary.Go To", "status": "failed", "statusDetails": {"message": "WebDriverException: Message: unknown error: net::ERR_CONNECTION_TIMED_OUT\n  (Session info: chrome=139.0.7258.138)\nStacktrace:\n\tGetHandleVerifier [0x0x7ff615b778d5+2802741]\n\tGetHandleVerifier [0x0x7ff6158deb70+79568]\n\t(No symbol) [0x0x7ff61567c0fa]\n\t(No symbol) [0x0x7ff615678ea0]\n\t(No symbol) [0x0x7ff615669cc9]\n\t(No symbol) [0x0x7ff61566ba81]\n\t(No symbol) [0x0x7ff615669fe6]\n\t(No symbol) [0x0x7ff615669a46]\n\t(No symbol) [0x0x7ff61566970a]\n\t(No symbol) [0x0x7ff6156672db]\n\t(No symbol) [0x0x7ff615667b5c]\n\t(No symbol) [0x0x7ff6156800aa]\n\t(No symbol) [0x0x7ff615723bce]\n\t(No symbol) [0x0x7ff6156fac8a]\n\t(No symbol) [0x0x7ff615722e24]\n\t(No symbol) [0x0x7ff6156faa63]\n\t(No symbol) [0x0x7ff6156c3c91]\n\t(No symbol) [0x0x7ff6156c4a23]\n\tGetHandleVerifier [0x0x7ff615ba2ced+2979917]\n\tGetHandleVerifier [0x0x7ff615b9d0f3+2956371]\n\tGetHandleVerifier [0x0x7ff615bbacbd+3078173]\n\tGetHandleVerifier [0x0x7ff6158f836e+184014]\n\tGetHandleVerifier [0x0x7ff61590024f+216495]\n\tGetHandleVerifier [0x0x7ff6158e70c4+113700]\n\tGetHandleVerifier [0x0x7ff6158e7279+114137]\n\tGetHandleVerifier [0x0x7ff6158cdf78+10968]\n\tBaseThreadInitThunk [0x0x7ffe872ae8d7+23]\n\tRtlUserThreadStart [0x0x7ffe88cdc34c+44]\n"}, "attachments": [{"name": "Keyword Log", "source": "cca31319-d1ae-49a0-909a-c39b649b35f6-attachment.html", "type": "text/html"}], "parameters": [{"name": "arg1", "value": "${url[\"${env}\"]}"}], "start": 1755697309320, "stop": 1755697331935}, {"name": "SeleniumLibrary.Maximize Browser Window", "status": "skipped", "statusDetails": {"message": "WebDriverException: Message: unknown error: net::ERR_CONNECTION_TIMED_OUT\n  (Session info: chrome=139.0.7258.138)\nStacktrace:\n\tGetHandleVerifier [0x0x7ff615b778d5+2802741]\n\tGetHandleVerifier [0x0x7ff6158deb70+79568]\n\t(No symbol) [0x0x7ff61567c0fa]\n\t(No symbol) [0x0x7ff615678ea0]\n\t(No symbol) [0x0x7ff615669cc9]\n\t(No symbol) [0x0x7ff61566ba81]\n\t(No symbol) [0x0x7ff615669fe6]\n\t(No symbol) [0x0x7ff615669a46]\n\t(No symbol) [0x0x7ff61566970a]\n\t(No symbol) [0x0x7ff6156672db]\n\t(No symbol) [0x0x7ff615667b5c]\n\t(No symbol) [0x0x7ff6156800aa]\n\t(No symbol) [0x0x7ff615723bce]\n\t(No symbol) [0x0x7ff6156fac8a]\n\t(No symbol) [0x0x7ff615722e24]\n\t(No symbol) [0x0x7ff6156faa63]\n\t(No symbol) [0x0x7ff6156c3c91]\n\t(No symbol) [0x0x7ff6156c4a23]\n\tGetHandleVerifier [0x0x7ff615ba2ced+2979917]\n\tGetHandleVerifier [0x0x7ff615b9d0f3+2956371]\n\tGetHandleVerifier [0x0x7ff615bbacbd+3078173]\n\tGetHandleVerifier [0x0x7ff6158f836e+184014]\n\tGetHandleVerifier [0x0x7ff61590024f+216495]\n\tGetHandleVerifier [0x0x7ff6158e70c4+113700]\n\tGetHandleVerifier [0x0x7ff6158e7279+114137]\n\tGetHandleVerifier [0x0x7ff6158cdf78+10968]\n\tBaseThreadInitThunk [0x0x7ffe872ae8d7+23]\n\tRtlUserThreadStart [0x0x7ffe88cdc34c+44]\n"}, "start": 1755697331946, "stop": 1755697331948}], "stop": 1755697331950}], "afters": [{"name": "commonKeywords.End TestCase", "status": "passed", "statusDetails": {}, "steps": [{"name": "SeleniumLibrary.Close Browser", "status": "passed", "statusDetails": {}, "start": 1755697331965, "stop": 1755697335987}], "stop": 1755697335988}]}