{"uuid": "9be85a90-8e6f-4b35-a715-98a991c7bf3f", "children": ["d561f0aa-0e9b-461f-99e3-10151c7b517b"], "befores": [{"name": "commonKeywords.Start TestCase", "status": "failed", "statusDetails": {"message": "WebDriverException: Message: unknown error: net::ERR_CONNECTION_TIMED_OUT\n  (Session info: chrome=139.0.7258.138)\nStacktrace:\n\tGetHandleVerifier [0x0x7ff615b778d5+2802741]\n\tGetHandleVerifier [0x0x7ff6158deb70+79568]\n\t(No symbol) [0x0x7ff61567c0fa]\n\t(No symbol) [0x0x7ff615678ea0]\n\t(No symbol) [0x0x7ff615669cc9]\n\t(No symbol) [0x0x7ff61566ba81]\n\t(No symbol) [0x0x7ff615669fe6]\n\t(No symbol) [0x0x7ff615669a46]\n\t(No symbol) [0x0x7ff61566970a]\n\t(No symbol) [0x0x7ff6156672db]\n\t(No symbol) [0x0x7ff615667b5c]\n\t(No symbol) [0x0x7ff6156800aa]\n\t(No symbol) [0x0x7ff615723bce]\n\t(No symbol) [0x0x7ff6156fac8a]\n\t(No symbol) [0x0x7ff615722e24]\n\t(No symbol) [0x0x7ff6156faa63]\n\t(No symbol) [0x0x7ff6156c3c91]\n\t(No symbol) [0x0x7ff6156c4a23]\n\tGetHandleVerifier [0x0x7ff615ba2ced+2979917]\n\tGetHandleVerifier [0x0x7ff615b9d0f3+2956371]\n\tGetHandleVerifier [0x0x7ff615bbacbd+3078173]\n\tGetHandleVerifier [0x0x7ff6158f836e+184014]\n\tGetHandleVerifier [0x0x7ff61590024f+216495]\n\tGetHandleVerifier [0x0x7ff6158e70c4+113700]\n\tGetHandleVerifier [0x0x7ff6158e7279+114137]\n\tGetHandleVerifier [0x0x7ff6158cdf78+10968]\n\tBaseThreadInitThunk [0x0x7ffe872ae8d7+23]\n\tRtlUserThreadStart [0x0x7ffe88cdc34c+44]\n"}, "steps": [{"name": "BuiltIn.Evaluate", "status": "passed", "statusDetails": {}, "attachments": [{"name": "Keyword Log", "source": "565e9114-6825-44dc-a9f5-f4a59b589b5e-attachment.html", "type": "text/html"}], "parameters": [{"name": "arg1", "value": "sys.modules['selenium.webdriver'].${browser_name}Options()"}, {"name": "arg2", "value": "sys, selenium.webdriver"}], "start": 1755697367013, "stop": 1755697367029}, {"name": "BuiltIn.Call Method", "status": "passed", "statusDetails": {}, "parameters": [{"name": "arg1", "value": "${options}"}, {"name": "arg2", "value": "add_argument"}, {"name": "arg3", "value": "--headed"}], "start": 1755697367029, "stop": 1755697367030}, {"name": "BuiltIn.Call Method", "status": "passed", "statusDetails": {}, "parameters": [{"name": "arg1", "value": "${options}"}, {"name": "arg2", "value": "add_argument"}, {"name": "arg3", "value": "--no-sandbox"}], "start": 1755697367031, "stop": 1755697367032}, {"name": "BuiltIn.Call Method", "status": "passed", "statusDetails": {}, "parameters": [{"name": "arg1", "value": "${options}"}, {"name": "arg2", "value": "add_argument"}, {"name": "arg3", "value": "--disable-dev-shm-usage"}], "start": 1755697367033, "stop": 1755697367035}, {"name": "BuiltIn.Evaluate", "status": "passed", "statusDetails": {}, "attachments": [{"name": "Keyword Log", "source": "c5af9cd4-d248-4e54-901e-01a6a07801d8-attachment.html", "type": "text/html"}], "parameters": [{"name": "arg1", "value": "__import__('tempfile').mkdtemp()"}, {"name": "arg2", "value": "modules=tempfile"}], "start": 1755697367036, "stop": 1755697367059}, {"name": "BuiltIn.Set Variable", "status": "passed", "statusDetails": {}, "attachments": [{"name": "Keyword Log", "source": "3b3558df-7414-49ac-a31a-1c544c24f73f-attachment.html", "type": "text/html"}], "parameters": [{"name": "arg1", "value": "--user-data-dir=${profile_dir}"}], "start": 1755697367060, "stop": 1755697367075}, {"name": "BuiltIn.Call Method", "status": "passed", "statusDetails": {}, "parameters": [{"name": "arg1", "value": "${options}"}, {"name": "arg2", "value": "add_argument"}, {"name": "arg3", "value": "${user_data_arg}"}], "start": 1755697367077, "stop": 1755697367079}, {"name": "SeleniumLibrary.Create Webdriver", "status": "passed", "statusDetails": {}, "attachments": [{"name": "Keyword Log", "source": "96edae95-f0b0-4041-b8c1-57a7b54c8e39-attachment.html", "type": "text/html"}], "parameters": [{"name": "arg1", "value": "Chrome"}, {"name": "arg2", "value": "options=${options}"}], "start": 1755697367080, "stop": 1755697373963}, {"name": "SeleniumLibrary.Go To", "status": "failed", "statusDetails": {"message": "WebDriverException: Message: unknown error: net::ERR_CONNECTION_TIMED_OUT\n  (Session info: chrome=139.0.7258.138)\nStacktrace:\n\tGetHandleVerifier [0x0x7ff615b778d5+2802741]\n\tGetHandleVerifier [0x0x7ff6158deb70+79568]\n\t(No symbol) [0x0x7ff61567c0fa]\n\t(No symbol) [0x0x7ff615678ea0]\n\t(No symbol) [0x0x7ff615669cc9]\n\t(No symbol) [0x0x7ff61566ba81]\n\t(No symbol) [0x0x7ff615669fe6]\n\t(No symbol) [0x0x7ff615669a46]\n\t(No symbol) [0x0x7ff61566970a]\n\t(No symbol) [0x0x7ff6156672db]\n\t(No symbol) [0x0x7ff615667b5c]\n\t(No symbol) [0x0x7ff6156800aa]\n\t(No symbol) [0x0x7ff615723bce]\n\t(No symbol) [0x0x7ff6156fac8a]\n\t(No symbol) [0x0x7ff615722e24]\n\t(No symbol) [0x0x7ff6156faa63]\n\t(No symbol) [0x0x7ff6156c3c91]\n\t(No symbol) [0x0x7ff6156c4a23]\n\tGetHandleVerifier [0x0x7ff615ba2ced+2979917]\n\tGetHandleVerifier [0x0x7ff615b9d0f3+2956371]\n\tGetHandleVerifier [0x0x7ff615bbacbd+3078173]\n\tGetHandleVerifier [0x0x7ff6158f836e+184014]\n\tGetHandleVerifier [0x0x7ff61590024f+216495]\n\tGetHandleVerifier [0x0x7ff6158e70c4+113700]\n\tGetHandleVerifier [0x0x7ff6158e7279+114137]\n\tGetHandleVerifier [0x0x7ff6158cdf78+10968]\n\tBaseThreadInitThunk [0x0x7ffe872ae8d7+23]\n\tRtlUserThreadStart [0x0x7ffe88cdc34c+44]\n"}, "attachments": [{"name": "Keyword Log", "source": "a8775c6c-f3df-4e1a-a073-45b23b401f1a-attachment.html", "type": "text/html"}], "parameters": [{"name": "arg1", "value": "${url[\"${env}\"]}"}], "start": 1755697373967, "stop": 1755697396072}, {"name": "SeleniumLibrary.Maximize Browser Window", "status": "skipped", "statusDetails": {"message": "WebDriverException: Message: unknown error: net::ERR_CONNECTION_TIMED_OUT\n  (Session info: chrome=139.0.7258.138)\nStacktrace:\n\tGetHandleVerifier [0x0x7ff615b778d5+2802741]\n\tGetHandleVerifier [0x0x7ff6158deb70+79568]\n\t(No symbol) [0x0x7ff61567c0fa]\n\t(No symbol) [0x0x7ff615678ea0]\n\t(No symbol) [0x0x7ff615669cc9]\n\t(No symbol) [0x0x7ff61566ba81]\n\t(No symbol) [0x0x7ff615669fe6]\n\t(No symbol) [0x0x7ff615669a46]\n\t(No symbol) [0x0x7ff61566970a]\n\t(No symbol) [0x0x7ff6156672db]\n\t(No symbol) [0x0x7ff615667b5c]\n\t(No symbol) [0x0x7ff6156800aa]\n\t(No symbol) [0x0x7ff615723bce]\n\t(No symbol) [0x0x7ff6156fac8a]\n\t(No symbol) [0x0x7ff615722e24]\n\t(No symbol) [0x0x7ff6156faa63]\n\t(No symbol) [0x0x7ff6156c3c91]\n\t(No symbol) [0x0x7ff6156c4a23]\n\tGetHandleVerifier [0x0x7ff615ba2ced+2979917]\n\tGetHandleVerifier [0x0x7ff615b9d0f3+2956371]\n\tGetHandleVerifier [0x0x7ff615bbacbd+3078173]\n\tGetHandleVerifier [0x0x7ff6158f836e+184014]\n\tGetHandleVerifier [0x0x7ff61590024f+216495]\n\tGetHandleVerifier [0x0x7ff6158e70c4+113700]\n\tGetHandleVerifier [0x0x7ff6158e7279+114137]\n\tGetHandleVerifier [0x0x7ff6158cdf78+10968]\n\tBaseThreadInitThunk [0x0x7ffe872ae8d7+23]\n\tRtlUserThreadStart [0x0x7ffe88cdc34c+44]\n"}, "start": 1755697396073, "stop": 1755697396073}], "stop": 1755697396074}], "afters": [{"name": "commonKeywords.End TestCase", "status": "passed", "statusDetails": {}, "steps": [{"name": "SeleniumLibrary.Close Browser", "status": "passed", "statusDetails": {}, "start": 1755697396077, "stop": 1755697398579}], "stop": 1755697398579}]}