{"uuid": "b5ceab8a-37e7-4958-87ad-738b0b3a30d4", "children": ["98c0f959-3160-48d8-8887-c1634fa5611b"], "befores": [{"name": "commonKeywords.Start TestCase", "status": "failed", "statusDetails": {"message": "WebDriverException: Message: unknown error: net::ERR_CONNECTION_TIMED_OUT\n  (Session info: chrome=139.0.7258.138)\nStacktrace:\n\tGetHandleVerifier [0x0x7ff615b778d5+2802741]\n\tGetHandleVerifier [0x0x7ff6158deb70+79568]\n\t(No symbol) [0x0x7ff61567c0fa]\n\t(No symbol) [0x0x7ff615678ea0]\n\t(No symbol) [0x0x7ff615669cc9]\n\t(No symbol) [0x0x7ff61566ba81]\n\t(No symbol) [0x0x7ff615669fe6]\n\t(No symbol) [0x0x7ff615669a46]\n\t(No symbol) [0x0x7ff61566970a]\n\t(No symbol) [0x0x7ff6156672db]\n\t(No symbol) [0x0x7ff615667b5c]\n\t(No symbol) [0x0x7ff6156800aa]\n\t(No symbol) [0x0x7ff615723bce]\n\t(No symbol) [0x0x7ff6156fac8a]\n\t(No symbol) [0x0x7ff615722e24]\n\t(No symbol) [0x0x7ff6156faa63]\n\t(No symbol) [0x0x7ff6156c3c91]\n\t(No symbol) [0x0x7ff6156c4a23]\n\tGetHandleVerifier [0x0x7ff615ba2ced+2979917]\n\tGetHandleVerifier [0x0x7ff615b9d0f3+2956371]\n\tGetHandleVerifier [0x0x7ff615bbacbd+3078173]\n\tGetHandleVerifier [0x0x7ff6158f836e+184014]\n\tGetHandleVerifier [0x0x7ff61590024f+216495]\n\tGetHandleVerifier [0x0x7ff6158e70c4+113700]\n\tGetHandleVerifier [0x0x7ff6158e7279+114137]\n\tGetHandleVerifier [0x0x7ff6158cdf78+10968]\n\tBaseThreadInitThunk [0x0x7ffe872ae8d7+23]\n\tRtlUserThreadStart [0x0x7ffe88cdc34c+44]\n"}, "steps": [{"name": "BuiltIn.Evaluate", "status": "passed", "statusDetails": {}, "attachments": [{"name": "Keyword Log", "source": "dde40f19-0fca-4238-9f77-a7cd392c5b37-attachment.html", "type": "text/html"}], "parameters": [{"name": "arg1", "value": "sys.modules['selenium.webdriver'].${browser_name}Options()"}, {"name": "arg2", "value": "sys, selenium.webdriver"}], "start": 1755697336594, "stop": 1755697336607}, {"name": "BuiltIn.Call Method", "status": "passed", "statusDetails": {}, "parameters": [{"name": "arg1", "value": "${options}"}, {"name": "arg2", "value": "add_argument"}, {"name": "arg3", "value": "--headed"}], "start": 1755697336608, "stop": 1755697336610}, {"name": "BuiltIn.Call Method", "status": "passed", "statusDetails": {}, "parameters": [{"name": "arg1", "value": "${options}"}, {"name": "arg2", "value": "add_argument"}, {"name": "arg3", "value": "--no-sandbox"}], "start": 1755697336612, "stop": 1755697336613}, {"name": "BuiltIn.Call Method", "status": "passed", "statusDetails": {}, "parameters": [{"name": "arg1", "value": "${options}"}, {"name": "arg2", "value": "add_argument"}, {"name": "arg3", "value": "--disable-dev-shm-usage"}], "start": 1755697336614, "stop": 1755697336615}, {"name": "BuiltIn.Evaluate", "status": "passed", "statusDetails": {}, "attachments": [{"name": "Keyword Log", "source": "8ca11bee-f7cc-4f23-9ac5-85d3bbdff191-attachment.html", "type": "text/html"}], "parameters": [{"name": "arg1", "value": "__import__('tempfile').mkdtemp()"}, {"name": "arg2", "value": "modules=tempfile"}], "start": 1755697336615, "stop": 1755697336628}, {"name": "BuiltIn.Set Variable", "status": "passed", "statusDetails": {}, "attachments": [{"name": "Keyword Log", "source": "ce3c3add-1c08-4a7a-8852-0307a915180e-attachment.html", "type": "text/html"}], "parameters": [{"name": "arg1", "value": "--user-data-dir=${profile_dir}"}], "start": 1755697336629, "stop": 1755697336639}, {"name": "BuiltIn.Call Method", "status": "passed", "statusDetails": {}, "parameters": [{"name": "arg1", "value": "${options}"}, {"name": "arg2", "value": "add_argument"}, {"name": "arg3", "value": "${user_data_arg}"}], "start": 1755697336640, "stop": 1755697336641}, {"name": "SeleniumLibrary.Create Webdriver", "status": "passed", "statusDetails": {}, "attachments": [{"name": "Keyword Log", "source": "403ad4da-bfdf-4b78-a1a9-e1faa3ffc3fc-attachment.html", "type": "text/html"}], "parameters": [{"name": "arg1", "value": "Chrome"}, {"name": "arg2", "value": "options=${options}"}], "start": 1755697336642, "stop": 1755697341513}, {"name": "SeleniumLibrary.Go To", "status": "failed", "statusDetails": {"message": "WebDriverException: Message: unknown error: net::ERR_CONNECTION_TIMED_OUT\n  (Session info: chrome=139.0.7258.138)\nStacktrace:\n\tGetHandleVerifier [0x0x7ff615b778d5+2802741]\n\tGetHandleVerifier [0x0x7ff6158deb70+79568]\n\t(No symbol) [0x0x7ff61567c0fa]\n\t(No symbol) [0x0x7ff615678ea0]\n\t(No symbol) [0x0x7ff615669cc9]\n\t(No symbol) [0x0x7ff61566ba81]\n\t(No symbol) [0x0x7ff615669fe6]\n\t(No symbol) [0x0x7ff615669a46]\n\t(No symbol) [0x0x7ff61566970a]\n\t(No symbol) [0x0x7ff6156672db]\n\t(No symbol) [0x0x7ff615667b5c]\n\t(No symbol) [0x0x7ff6156800aa]\n\t(No symbol) [0x0x7ff615723bce]\n\t(No symbol) [0x0x7ff6156fac8a]\n\t(No symbol) [0x0x7ff615722e24]\n\t(No symbol) [0x0x7ff6156faa63]\n\t(No symbol) [0x0x7ff6156c3c91]\n\t(No symbol) [0x0x7ff6156c4a23]\n\tGetHandleVerifier [0x0x7ff615ba2ced+2979917]\n\tGetHandleVerifier [0x0x7ff615b9d0f3+2956371]\n\tGetHandleVerifier [0x0x7ff615bbacbd+3078173]\n\tGetHandleVerifier [0x0x7ff6158f836e+184014]\n\tGetHandleVerifier [0x0x7ff61590024f+216495]\n\tGetHandleVerifier [0x0x7ff6158e70c4+113700]\n\tGetHandleVerifier [0x0x7ff6158e7279+114137]\n\tGetHandleVerifier [0x0x7ff6158cdf78+10968]\n\tBaseThreadInitThunk [0x0x7ffe872ae8d7+23]\n\tRtlUserThreadStart [0x0x7ffe88cdc34c+44]\n"}, "attachments": [{"name": "Keyword Log", "source": "f7898de8-a0a3-4fcc-8d1b-6de25ab7fa0b-attachment.html", "type": "text/html"}], "parameters": [{"name": "arg1", "value": "${url[\"${env}\"]}"}], "start": 1755697341514, "stop": 1755697363995}, {"name": "SeleniumLibrary.Maximize Browser Window", "status": "skipped", "statusDetails": {"message": "WebDriverException: Message: unknown error: net::ERR_CONNECTION_TIMED_OUT\n  (Session info: chrome=139.0.7258.138)\nStacktrace:\n\tGetHandleVerifier [0x0x7ff615b778d5+2802741]\n\tGetHandleVerifier [0x0x7ff6158deb70+79568]\n\t(No symbol) [0x0x7ff61567c0fa]\n\t(No symbol) [0x0x7ff615678ea0]\n\t(No symbol) [0x0x7ff615669cc9]\n\t(No symbol) [0x0x7ff61566ba81]\n\t(No symbol) [0x0x7ff615669fe6]\n\t(No symbol) [0x0x7ff615669a46]\n\t(No symbol) [0x0x7ff61566970a]\n\t(No symbol) [0x0x7ff6156672db]\n\t(No symbol) [0x0x7ff615667b5c]\n\t(No symbol) [0x0x7ff6156800aa]\n\t(No symbol) [0x0x7ff615723bce]\n\t(No symbol) [0x0x7ff6156fac8a]\n\t(No symbol) [0x0x7ff615722e24]\n\t(No symbol) [0x0x7ff6156faa63]\n\t(No symbol) [0x0x7ff6156c3c91]\n\t(No symbol) [0x0x7ff6156c4a23]\n\tGetHandleVerifier [0x0x7ff615ba2ced+2979917]\n\tGetHandleVerifier [0x0x7ff615b9d0f3+2956371]\n\tGetHandleVerifier [0x0x7ff615bbacbd+3078173]\n\tGetHandleVerifier [0x0x7ff6158f836e+184014]\n\tGetHandleVerifier [0x0x7ff61590024f+216495]\n\tGetHandleVerifier [0x0x7ff6158e70c4+113700]\n\tGetHandleVerifier [0x0x7ff6158e7279+114137]\n\tGetHandleVerifier [0x0x7ff6158cdf78+10968]\n\tBaseThreadInitThunk [0x0x7ffe872ae8d7+23]\n\tRtlUserThreadStart [0x0x7ffe88cdc34c+44]\n"}, "start": 1755697363996, "stop": 1755697363996}], "stop": 1755697363997}], "afters": [{"name": "commonKeywords.End TestCase", "status": "passed", "statusDetails": {}, "steps": [{"name": "SeleniumLibrary.Close Browser", "status": "passed", "statusDetails": {}, "start": 1755697364002, "stop": 1755697366956}], "stop": 1755697366956}]}