{"name": "Verify Continue Shopping Button is navigating to correct Page", "status": "failed", "statusDetails": {"message": "ElementClickInterceptedException: Message: element click intercepted: Element <span font-size=\"medium\" class=\"css-l1mac3\"></span> is not clickable at point (162, 523). Other element would receive the click: <input class=\"PrivateSwitchBase-input css-j8yymo\" type=\"checkbox\" data-indeterminate=\"false\" aria-label=\"Checkbox demo\">\n  (Session info: chrome=139.0.7258.138); For documentation on this error, please visit: https://www.selenium.dev/documentation/webdriver/troubleshooting/errors#elementclickinterceptedexception\nStacktrace:\n\tGetHandleVerifier [0x0x7ff7aa6078d5+2802741]\n\tGetHandleVerifier [0x0x7ff7aa36eb70+79568]\n\t(No symbol) [0x0x7ff7aa10c0fa]\n\t(No symbol) [0x0x7ff7aa16aaa9]\n\t(No symbol) [0x0x7ff7aa168442]\n\t(No symbol) [0x0x7ff7aa165481]\n\t(No symbol) [0x0x7ff7aa164371]\n\t(No symbol) [0x0x7ff7aa155bb8]\n\t(No symbol) [0x0x7ff7aa18ac8a]\n\t(No symbol) [0x0x7ff7aa155466]\n\t(No symbol) [0x0x7ff7aa18aea0]\n\t(No symbol) [0x0x7ff7aa1b2e24]\n\t(No symbol) [0x0x7ff7aa18aa63]\n\t(No symbol) [0x0x7ff7aa153c91]\n\t(No symbol) [0x0x7ff7aa154a23]\n\tGetHandleVerifier [0x0x7ff7aa632ced+2979917]\n\tGetHandleVerifier [0x0x7ff7aa62d0f3+2956371]\n\tGetHandleVerifier [0x0x7ff7aa64acbd+3078173]\n\tGetHandleVerifier [0x0x7ff7aa38836e+184014]\n\tGetHandleVerifier [0x0x7ff7aa39024f+216495]\n\tGetHandleVerifier [0x0x7ff7aa3770c4+113700]\n\tGetHandleVerifier [0x0x7ff7aa377279+114137]\n\tGetHandleVerifier [0x0x7ff7aa35df78+10968]\n\tBaseThreadInitThunk [0x0x7ffe872ae8d7+23]\n\tRtlUserThreadStart [0x0x7ffe88cdc34c+44]\n"}, "description": "This testcase verifies the Compliance with Regulation Flow", "steps": [{"name": "Dashboard.Basic Login TestCase", "status": "passed", "statusDetails": {}, "steps": [{"name": "SeleniumLibrary.Input Text", "status": "passed", "statusDetails": {}, "attachments": [{"name": "Keyword Log", "source": "8ed94a5a-43a6-4174-a8e7-29388f6fcfe6-attachment.html", "type": "text/html"}], "parameters": [{"name": "arg1", "value": "${LoginPage_user_name}"}, {"name": "arg2", "value": "${username}"}], "start": 1755754199647, "stop": 1755754200801}, {"name": "SeleniumLibrary.Input Text", "status": "passed", "statusDetails": {}, "attachments": [{"name": "Keyword Log", "source": "8a7574aa-2bb7-4eb1-869c-0b817f55b38d-attachment.html", "type": "text/html"}], "parameters": [{"name": "arg1", "value": "${LoginPage_password}"}, {"name": "arg2", "value": "${password}"}], "start": 1755754200802, "stop": 1755754201284}, {"name": "SeleniumLibrary.Wait Until Element Is Visible", "status": "passed", "statusDetails": {}, "parameters": [{"name": "arg1", "value": "${LoginPage_login_button}"}], "start": 1755754201285, "stop": 1755754201368}, {"name": "SeleniumLibrary.Press Keys", "status": "passed", "statusDetails": {}, "attachments": [{"name": "Keyword Log", "source": "89e39605-e827-426a-83b5-d0f1ed5c5df7-attachment.html", "type": "text/html"}], "parameters": [{"name": "arg1", "value": "${LoginPage_login_button}"}, {"name": "arg2", "value": "[Return]"}], "start": 1755754201368, "stop": 1755754202063}], "start": 1755754199645, "stop": 1755754202064}, {"name": "Dashboard.Click on Create inspection Button", "status": "passed", "statusDetails": {}, "steps": [{"name": "SeleniumLibrary.Wait Until Element Is Visible", "status": "passed", "statusDetails": {}, "parameters": [{"name": "arg1", "value": "${DashboardComplianceWithRegulation}"}], "start": 1755754202071, "stop": 1755754203172}, {"name": "SeleniumLibrary.Press Keys", "status": "passed", "statusDetails": {}, "attachments": [{"name": "Keyword Log", "source": "4917f5f1-d3ef-4a47-9cf1-d30263b9a491-attachment.html", "type": "text/html"}], "parameters": [{"name": "arg1", "value": "${DashboardComplianceWithRegulation}"}, {"name": "arg2", "value": "Return"}], "start": 1755754203173, "stop": 1755754203965}], "start": 1755754202069, "stop": 1755754203965}, {"name": "Dashboard.Page Contain Inspection", "status": "passed", "statusDetails": {}, "steps": [{"name": "SeleniumLibrary.Wait Until Element Is Visible", "status": "passed", "statusDetails": {}, "parameters": [{"name": "arg1", "value": "${DashboardCreateInspectionLabel}"}], "start": 1755754203969, "stop": 1755754204450}, {"name": "SeleniumLibrary.Page Should Contain Element", "status": "passed", "statusDetails": {}, "attachments": [{"name": "Keyword Log", "source": "6a7ec135-0ac1-409e-a06e-be38a46bb5d9-attachment.html", "type": "text/html"}], "parameters": [{"name": "arg1", "value": "${DashboardCreateInspectionLabel}"}], "start": 1755754204451, "stop": 1755754204490}], "start": 1755754203968, "stop": 1755754204492}, {"name": "CreateInspectionKeywords.Fill the information", "status": "failed", "statusDetails": {"message": "ElementClickInterceptedException: Message: element click intercepted: Element <span font-size=\"medium\" class=\"css-l1mac3\"></span> is not clickable at point (162, 523). Other element would receive the click: <input class=\"PrivateSwitchBase-input css-j8yymo\" type=\"checkbox\" data-indeterminate=\"false\" aria-label=\"Checkbox demo\">\n  (Session info: chrome=139.0.7258.138); For documentation on this error, please visit: https://www.selenium.dev/documentation/webdriver/troubleshooting/errors#elementclickinterceptedexception\nStacktrace:\n\tGetHandleVerifier [0x0x7ff7aa6078d5+2802741]\n\tGetHandleVerifier [0x0x7ff7aa36eb70+79568]\n\t(No symbol) [0x0x7ff7aa10c0fa]\n\t(No symbol) [0x0x7ff7aa16aaa9]\n\t(No symbol) [0x0x7ff7aa168442]\n\t(No symbol) [0x0x7ff7aa165481]\n\t(No symbol) [0x0x7ff7aa164371]\n\t(No symbol) [0x0x7ff7aa155bb8]\n\t(No symbol) [0x0x7ff7aa18ac8a]\n\t(No symbol) [0x0x7ff7aa155466]\n\t(No symbol) [0x0x7ff7aa18aea0]\n\t(No symbol) [0x0x7ff7aa1b2e24]\n\t(No symbol) [0x0x7ff7aa18aa63]\n\t(No symbol) [0x0x7ff7aa153c91]\n\t(No symbol) [0x0x7ff7aa154a23]\n\tGetHandleVerifier [0x0x7ff7aa632ced+2979917]\n\tGetHandleVerifier [0x0x7ff7aa62d0f3+2956371]\n\tGetHandleVerifier [0x0x7ff7aa64acbd+3078173]\n\tGetHandleVerifier [0x0x7ff7aa38836e+184014]\n\tGetHandleVerifier [0x0x7ff7aa39024f+216495]\n\tGetHandleVerifier [0x0x7ff7aa3770c4+113700]\n\tGetHandleVerifier [0x0x7ff7aa377279+114137]\n\tGetHandleVerifier [0x0x7ff7aa35df78+10968]\n\tBaseThreadInitThunk [0x0x7ffe872ae8d7+23]\n\tRtlUserThreadStart [0x0x7ffe88cdc34c+44]\n"}, "steps": [{"name": "SeleniumLibrary.Wait Until Element Is Visible", "status": "passed", "statusDetails": {}, "parameters": [{"name": "arg1", "value": "${InspectionTypeDropDown}"}], "start": 1755754204496, "stop": 1755754204630}, {"name": "SeleniumLibrary.Press Keys", "status": "passed", "statusDetails": {}, "attachments": [{"name": "Keyword Log", "source": "9d24bdfa-eb0c-4855-90d2-d9cbef3e8d26-attachment.html", "type": "text/html"}], "parameters": [{"name": "arg1", "value": "${InspectionTypeDropDown}"}, {"name": "arg2", "value": "[Return]"}], "start": 1755754204631, "stop": 1755754205129}, {"name": "SeleniumLibrary.Press Keys", "status": "passed", "statusDetails": {}, "attachments": [{"name": "Keyword Log", "source": "a790b48a-942c-4a87-93b5-737247ab14c3-attachment.html", "type": "text/html"}], "parameters": [{"name": "arg1", "value": "${InspectionTypeDropDownValues}"}, {"name": "arg2", "value": "[Return]"}], "start": 1755754205130, "stop": 1755754205852}, {"name": "SeleniumLibrary.Wait Until Element Is Visible", "status": "passed", "statusDetails": {}, "parameters": [{"name": "arg1", "value": "${ReasonOfInspection}"}], "start": 1755754205855, "stop": 1755754205966}, {"name": "SeleniumLibrary.Input Text", "status": "passed", "statusDetails": {}, "attachments": [{"name": "Keyword Log", "source": "10eb9113-729b-417c-b405-5c7c82b821d9-attachment.html", "type": "text/html"}], "parameters": [{"name": "arg1", "value": "${ReasonOfInspection}"}, {"name": "arg2", "value": "${Inspection}"}], "start": 1755754205966, "stop": 1755754206579}, {"name": "SeleniumLibrary.Press Keys", "status": "passed", "statusDetails": {}, "attachments": [{"name": "Keyword Log", "source": "648fb45b-5df8-4a67-af7a-352e1eb54136-attachment.html", "type": "text/html"}], "parameters": [{"name": "arg1", "value": "${CreateInspectionChooseTemplate}"}, {"name": "arg2", "value": "ARROW_DOWN"}], "start": 1755754206579, "stop": 1755754206998}, {"name": "SeleniumLibrary.Press Keys", "status": "passed", "statusDetails": {}, "attachments": [{"name": "Keyword Log", "source": "12f26d5e-3cc3-4ebb-91bc-62e1e5d5c2ab-attachment.html", "type": "text/html"}], "parameters": [{"name": "arg1", "value": "${CreateInspectionChooseTemplate}"}, {"name": "arg2", "value": "ARROW_DOWN"}], "start": 1755754206999, "stop": 1755754207348}, {"name": "SeleniumLibrary.Press Keys", "status": "passed", "statusDetails": {}, "attachments": [{"name": "Keyword Log", "source": "32be6656-2b28-4dd5-9f8b-fad133dc2ef1-attachment.html", "type": "text/html"}], "parameters": [{"name": "arg1", "value": "${CreateInspectionChooseTemplate}"}, {"name": "arg2", "value": "RETURN"}], "start": 1755754207348, "stop": 1755754207684}, {"name": "BuiltIn.Sleep", "status": "passed", "statusDetails": {}, "attachments": [{"name": "Keyword Log", "source": "c41534d9-2695-41ad-9dc7-4d011d44ee04-attachment.html", "type": "text/html"}], "parameters": [{"name": "arg1", "value": "4s"}], "start": 1755754207684, "stop": 1755754211712}, {"name": "SeleniumLibrary.Click Element", "status": "passed", "statusDetails": {}, "attachments": [{"name": "Keyword Log", "source": "a975c3fb-4f6e-45b1-b767-1e2aa21b3cc4-attachment.html", "type": "text/html"}], "parameters": [{"name": "arg1", "value": "${CreateInspectionEntityName}"}], "start": 1755754211714, "stop": 1755754212093}, {"name": "SeleniumLibrary.Press Keys", "status": "passed", "statusDetails": {}, "attachments": [{"name": "Keyword Log", "source": "4c0680b9-5896-4ee5-b622-e12182660503-attachment.html", "type": "text/html"}], "parameters": [{"name": "arg1", "value": "${CreateInspectionEntityName}"}, {"name": "arg2", "value": "ARROW_DOWN"}], "start": 1755754212094, "stop": 1755754212511}, {"name": "SeleniumLibrary.Press Keys", "status": "passed", "statusDetails": {}, "attachments": [{"name": "Keyword Log", "source": "51288b34-3f2b-4979-b279-fdbe163ffec4-attachment.html", "type": "text/html"}], "parameters": [{"name": "arg1", "value": "${CreateInspectionEntityName}"}, {"name": "arg2", "value": "ARROW_DOWN"}], "start": 1755754212511, "stop": 1755754212987}, {"name": "SeleniumLibrary.Press Keys", "status": "passed", "statusDetails": {}, "attachments": [{"name": "Keyword Log", "source": "e9ee3771-7ded-43e2-b5ab-e23e20217402-attachment.html", "type": "text/html"}], "parameters": [{"name": "arg1", "value": "${CreateInspectionEntityName}"}, {"name": "arg2", "value": "RETURN"}], "start": 1755754212989, "stop": 1755754213397}, {"name": "SeleniumLibrary.Input Text", "status": "passed", "statusDetails": {}, "attachments": [{"name": "Keyword Log", "source": "6a6d16f3-07a4-4757-8f02-60ff0540137e-attachment.html", "type": "text/html"}], "parameters": [{"name": "arg1", "value": "${CreateInspectionAddress}"}, {"name": "arg2", "value": "India"}], "start": 1755754213398, "stop": 1755754213961}, {"name": "SeleniumLibrary.Click Element", "status": "failed", "statusDetails": {"message": "ElementClickInterceptedException: Message: element click intercepted: Element <span font-size=\"medium\" class=\"css-l1mac3\"></span> is not clickable at point (162, 523). Other element would receive the click: <input class=\"PrivateSwitchBase-input css-j8yymo\" type=\"checkbox\" data-indeterminate=\"false\" aria-label=\"Checkbox demo\">\n  (Session info: chrome=139.0.7258.138); For documentation on this error, please visit: https://www.selenium.dev/documentation/webdriver/troubleshooting/errors#elementclickinterceptedexception\nStacktrace:\n\tGetHandleVerifier [0x0x7ff7aa6078d5+2802741]\n\tGetHandleVerifier [0x0x7ff7aa36eb70+79568]\n\t(No symbol) [0x0x7ff7aa10c0fa]\n\t(No symbol) [0x0x7ff7aa16aaa9]\n\t(No symbol) [0x0x7ff7aa168442]\n\t(No symbol) [0x0x7ff7aa165481]\n\t(No symbol) [0x0x7ff7aa164371]\n\t(No symbol) [0x0x7ff7aa155bb8]\n\t(No symbol) [0x0x7ff7aa18ac8a]\n\t(No symbol) [0x0x7ff7aa155466]\n\t(No symbol) [0x0x7ff7aa18aea0]\n\t(No symbol) [0x0x7ff7aa1b2e24]\n\t(No symbol) [0x0x7ff7aa18aa63]\n\t(No symbol) [0x0x7ff7aa153c91]\n\t(No symbol) [0x0x7ff7aa154a23]\n\tGetHandleVerifier [0x0x7ff7aa632ced+2979917]\n\tGetHandleVerifier [0x0x7ff7aa62d0f3+2956371]\n\tGetHandleVerifier [0x0x7ff7aa64acbd+3078173]\n\tGetHandleVerifier [0x0x7ff7aa38836e+184014]\n\tGetHandleVerifier [0x0x7ff7aa39024f+216495]\n\tGetHandleVerifier [0x0x7ff7aa3770c4+113700]\n\tGetHandleVerifier [0x0x7ff7aa377279+114137]\n\tGetHandleVerifier [0x0x7ff7aa35df78+10968]\n\tBaseThreadInitThunk [0x0x7ffe872ae8d7+23]\n\tRtlUserThreadStart [0x0x7ffe88cdc34c+44]\n"}, "attachments": [{"name": "Keyword Log", "source": "0507438c-cd05-4799-8edf-da151c33ae81-attachment.html", "type": "text/html"}], "parameters": [{"name": "arg1", "value": "${CreateInspectionCheckbox1}"}], "start": 1755754213962, "stop": 1755754215752}, {"name": "SeleniumLibrary.Click Element", "status": "skipped", "statusDetails": {"message": "ElementClickInterceptedException: Message: element click intercepted: Element <span font-size=\"medium\" class=\"css-l1mac3\"></span> is not clickable at point (162, 523). Other element would receive the click: <input class=\"PrivateSwitchBase-input css-j8yymo\" type=\"checkbox\" data-indeterminate=\"false\" aria-label=\"Checkbox demo\">\n  (Session info: chrome=139.0.7258.138); For documentation on this error, please visit: https://www.selenium.dev/documentation/webdriver/troubleshooting/errors#elementclickinterceptedexception\nStacktrace:\n\tGetHandleVerifier [0x0x7ff7aa6078d5+2802741]\n\tGetHandleVerifier [0x0x7ff7aa36eb70+79568]\n\t(No symbol) [0x0x7ff7aa10c0fa]\n\t(No symbol) [0x0x7ff7aa16aaa9]\n\t(No symbol) [0x0x7ff7aa168442]\n\t(No symbol) [0x0x7ff7aa165481]\n\t(No symbol) [0x0x7ff7aa164371]\n\t(No symbol) [0x0x7ff7aa155bb8]\n\t(No symbol) [0x0x7ff7aa18ac8a]\n\t(No symbol) [0x0x7ff7aa155466]\n\t(No symbol) [0x0x7ff7aa18aea0]\n\t(No symbol) [0x0x7ff7aa1b2e24]\n\t(No symbol) [0x0x7ff7aa18aa63]\n\t(No symbol) [0x0x7ff7aa153c91]\n\t(No symbol) [0x0x7ff7aa154a23]\n\tGetHandleVerifier [0x0x7ff7aa632ced+2979917]\n\tGetHandleVerifier [0x0x7ff7aa62d0f3+2956371]\n\tGetHandleVerifier [0x0x7ff7aa64acbd+3078173]\n\tGetHandleVerifier [0x0x7ff7aa38836e+184014]\n\tGetHandleVerifier [0x0x7ff7aa39024f+216495]\n\tGetHandleVerifier [0x0x7ff7aa3770c4+113700]\n\tGetHandleVerifier [0x0x7ff7aa377279+114137]\n\tGetHandleVerifier [0x0x7ff7aa35df78+10968]\n\tBaseThreadInitThunk [0x0x7ffe872ae8d7+23]\n\tRtlUserThreadStart [0x0x7ffe88cdc34c+44]\n"}, "parameters": [{"name": "arg1", "value": "${CreateInspectionCheckbox2}"}], "start": 1755754215753, "stop": 1755754215754}, {"name": "SeleniumLibrary.Click Element", "status": "skipped", "statusDetails": {"message": "ElementClickInterceptedException: Message: element click intercepted: Element <span font-size=\"medium\" class=\"css-l1mac3\"></span> is not clickable at point (162, 523). Other element would receive the click: <input class=\"PrivateSwitchBase-input css-j8yymo\" type=\"checkbox\" data-indeterminate=\"false\" aria-label=\"Checkbox demo\">\n  (Session info: chrome=139.0.7258.138); For documentation on this error, please visit: https://www.selenium.dev/documentation/webdriver/troubleshooting/errors#elementclickinterceptedexception\nStacktrace:\n\tGetHandleVerifier [0x0x7ff7aa6078d5+2802741]\n\tGetHandleVerifier [0x0x7ff7aa36eb70+79568]\n\t(No symbol) [0x0x7ff7aa10c0fa]\n\t(No symbol) [0x0x7ff7aa16aaa9]\n\t(No symbol) [0x0x7ff7aa168442]\n\t(No symbol) [0x0x7ff7aa165481]\n\t(No symbol) [0x0x7ff7aa164371]\n\t(No symbol) [0x0x7ff7aa155bb8]\n\t(No symbol) [0x0x7ff7aa18ac8a]\n\t(No symbol) [0x0x7ff7aa155466]\n\t(No symbol) [0x0x7ff7aa18aea0]\n\t(No symbol) [0x0x7ff7aa1b2e24]\n\t(No symbol) [0x0x7ff7aa18aa63]\n\t(No symbol) [0x0x7ff7aa153c91]\n\t(No symbol) [0x0x7ff7aa154a23]\n\tGetHandleVerifier [0x0x7ff7aa632ced+2979917]\n\tGetHandleVerifier [0x0x7ff7aa62d0f3+2956371]\n\tGetHandleVerifier [0x0x7ff7aa64acbd+3078173]\n\tGetHandleVerifier [0x0x7ff7aa38836e+184014]\n\tGetHandleVerifier [0x0x7ff7aa39024f+216495]\n\tGetHandleVerifier [0x0x7ff7aa3770c4+113700]\n\tGetHandleVerifier [0x0x7ff7aa377279+114137]\n\tGetHandleVerifier [0x0x7ff7aa35df78+10968]\n\tBaseThreadInitThunk [0x0x7ffe872ae8d7+23]\n\tRtlUserThreadStart [0x0x7ffe88cdc34c+44]\n"}, "parameters": [{"name": "arg1", "value": "${CreateInspectionCheckbox3}"}], "start": 1755754215754, "stop": 1755754215755}, {"name": "SeleniumLibrary.Press Keys", "status": "skipped", "statusDetails": {"message": "ElementClickInterceptedException: Message: element click intercepted: Element <span font-size=\"medium\" class=\"css-l1mac3\"></span> is not clickable at point (162, 523). Other element would receive the click: <input class=\"PrivateSwitchBase-input css-j8yymo\" type=\"checkbox\" data-indeterminate=\"false\" aria-label=\"Checkbox demo\">\n  (Session info: chrome=139.0.7258.138); For documentation on this error, please visit: https://www.selenium.dev/documentation/webdriver/troubleshooting/errors#elementclickinterceptedexception\nStacktrace:\n\tGetHandleVerifier [0x0x7ff7aa6078d5+2802741]\n\tGetHandleVerifier [0x0x7ff7aa36eb70+79568]\n\t(No symbol) [0x0x7ff7aa10c0fa]\n\t(No symbol) [0x0x7ff7aa16aaa9]\n\t(No symbol) [0x0x7ff7aa168442]\n\t(No symbol) [0x0x7ff7aa165481]\n\t(No symbol) [0x0x7ff7aa164371]\n\t(No symbol) [0x0x7ff7aa155bb8]\n\t(No symbol) [0x0x7ff7aa18ac8a]\n\t(No symbol) [0x0x7ff7aa155466]\n\t(No symbol) [0x0x7ff7aa18aea0]\n\t(No symbol) [0x0x7ff7aa1b2e24]\n\t(No symbol) [0x0x7ff7aa18aa63]\n\t(No symbol) [0x0x7ff7aa153c91]\n\t(No symbol) [0x0x7ff7aa154a23]\n\tGetHandleVerifier [0x0x7ff7aa632ced+2979917]\n\tGetHandleVerifier [0x0x7ff7aa62d0f3+2956371]\n\tGetHandleVerifier [0x0x7ff7aa64acbd+3078173]\n\tGetHandleVerifier [0x0x7ff7aa38836e+184014]\n\tGetHandleVerifier [0x0x7ff7aa39024f+216495]\n\tGetHandleVerifier [0x0x7ff7aa3770c4+113700]\n\tGetHandleVerifier [0x0x7ff7aa377279+114137]\n\tGetHandleVerifier [0x0x7ff7aa35df78+10968]\n\tBaseThreadInitThunk [0x0x7ffe872ae8d7+23]\n\tRtlUserThreadStart [0x0x7ffe88cdc34c+44]\n"}, "parameters": [{"name": "arg1", "value": "${CreateInspectionSubmitButton}"}, {"name": "arg2", "value": "[Return]"}], "start": 1755754215757, "stop": 1755754215758}], "start": 1755754204495, "stop": 1755754215760}], "start": 1755754190695, "stop": 1755754219664, "uuid": "9e3c238b-3d75-4213-ae8a-364403c9145a", "historyId": "753dc8dc8ebf4ad9b74b904cdb4bcb3f", "fullName": "Tests.sauceLabs.basicSearch.Verify Continue Shopping Button is navigating to correct Page", "labels": [{"name": "parentSuite", "value": "Tests"}, {"name": "suite", "value": "sauceLabs"}, {"name": "subSuite", "value": "basicSearch"}, {"name": "framework", "value": "robotframework"}, {"name": "language", "value": "cpython3"}, {"name": "host", "value": "AH4000735LT"}, {"name": "thread", "value": "default-fd3605c8-7bb6-4c47-ac27-a8799025ae10"}, {"name": "tag", "value": "Functional"}], "titlePath": ["Tests", "sauceLabs", "basicSearch"]}