{"uuid": "d5344270-4fbb-4a33-ac4b-318c09d31919", "children": ["9cb266fb-9dff-4333-95bc-b1631339e73e"], "befores": [{"name": "commonKeywords.Start TestCase", "status": "failed", "statusDetails": {"message": "WebDriverException: Message: unknown error: net::ERR_CONNECTION_TIMED_OUT\n  (Session info: chrome=139.0.7258.138)\nStacktrace:\n\tGetHandleVerifier [0x0x7ff615b778d5+2802741]\n\tGetHandleVerifier [0x0x7ff6158deb70+79568]\n\t(No symbol) [0x0x7ff61567c0fa]\n\t(No symbol) [0x0x7ff615678ea0]\n\t(No symbol) [0x0x7ff615669cc9]\n\t(No symbol) [0x0x7ff61566ba81]\n\t(No symbol) [0x0x7ff615669fe6]\n\t(No symbol) [0x0x7ff615669a46]\n\t(No symbol) [0x0x7ff61566970a]\n\t(No symbol) [0x0x7ff6156672db]\n\t(No symbol) [0x0x7ff615667b5c]\n\t(No symbol) [0x0x7ff6156800aa]\n\t(No symbol) [0x0x7ff615723bce]\n\t(No symbol) [0x0x7ff6156fac8a]\n\t(No symbol) [0x0x7ff615722e24]\n\t(No symbol) [0x0x7ff6156faa63]\n\t(No symbol) [0x0x7ff6156c3c91]\n\t(No symbol) [0x0x7ff6156c4a23]\n\tGetHandleVerifier [0x0x7ff615ba2ced+2979917]\n\tGetHandleVerifier [0x0x7ff615b9d0f3+2956371]\n\tGetHandleVerifier [0x0x7ff615bbacbd+3078173]\n\tGetHandleVerifier [0x0x7ff6158f836e+184014]\n\tGetHandleVerifier [0x0x7ff61590024f+216495]\n\tGetHandleVerifier [0x0x7ff6158e70c4+113700]\n\tGetHandleVerifier [0x0x7ff6158e7279+114137]\n\tGetHandleVerifier [0x0x7ff6158cdf78+10968]\n\tBaseThreadInitThunk [0x0x7ffe872ae8d7+23]\n\tRtlUserThreadStart [0x0x7ffe88cdc34c+44]\n"}, "steps": [{"name": "BuiltIn.Evaluate", "status": "passed", "statusDetails": {}, "attachments": [{"name": "Keyword Log", "source": "a467c059-da7b-4013-aae8-51f776f7fe41-attachment.html", "type": "text/html"}], "parameters": [{"name": "arg1", "value": "sys.modules['selenium.webdriver'].${browser_name}Options()"}, {"name": "arg2", "value": "sys, selenium.webdriver"}], "start": 1755697251382, "stop": 1755697251391}, {"name": "BuiltIn.Call Method", "status": "passed", "statusDetails": {}, "parameters": [{"name": "arg1", "value": "${options}"}, {"name": "arg2", "value": "add_argument"}, {"name": "arg3", "value": "--headed"}], "start": 1755697251391, "stop": 1755697251392}, {"name": "BuiltIn.Call Method", "status": "passed", "statusDetails": {}, "parameters": [{"name": "arg1", "value": "${options}"}, {"name": "arg2", "value": "add_argument"}, {"name": "arg3", "value": "--no-sandbox"}], "start": 1755697251392, "stop": 1755697251392}, {"name": "BuiltIn.Call Method", "status": "passed", "statusDetails": {}, "parameters": [{"name": "arg1", "value": "${options}"}, {"name": "arg2", "value": "add_argument"}, {"name": "arg3", "value": "--disable-dev-shm-usage"}], "start": 1755697251392, "stop": 1755697251393}, {"name": "BuiltIn.Evaluate", "status": "passed", "statusDetails": {}, "attachments": [{"name": "Keyword Log", "source": "12193428-f838-4400-8868-08ea88a6ab84-attachment.html", "type": "text/html"}], "parameters": [{"name": "arg1", "value": "__import__('tempfile').mkdtemp()"}, {"name": "arg2", "value": "modules=tempfile"}], "start": 1755697251393, "stop": 1755697251403}, {"name": "BuiltIn.Set Variable", "status": "passed", "statusDetails": {}, "attachments": [{"name": "Keyword Log", "source": "4b7fa9cb-d99d-4197-8f49-d766b131cc0c-attachment.html", "type": "text/html"}], "parameters": [{"name": "arg1", "value": "--user-data-dir=${profile_dir}"}], "start": 1755697251403, "stop": 1755697251410}, {"name": "BuiltIn.Call Method", "status": "passed", "statusDetails": {}, "parameters": [{"name": "arg1", "value": "${options}"}, {"name": "arg2", "value": "add_argument"}, {"name": "arg3", "value": "${user_data_arg}"}], "start": 1755697251411, "stop": 1755697251412}, {"name": "SeleniumLibrary.Create Webdriver", "status": "passed", "statusDetails": {}, "attachments": [{"name": "Keyword Log", "source": "1bbaae1c-9404-4367-a836-086e7088a195-attachment.html", "type": "text/html"}], "parameters": [{"name": "arg1", "value": "Chrome"}, {"name": "arg2", "value": "options=${options}"}], "start": 1755697251412, "stop": 1755697259606}, {"name": "SeleniumLibrary.Go To", "status": "failed", "statusDetails": {"message": "WebDriverException: Message: unknown error: net::ERR_CONNECTION_TIMED_OUT\n  (Session info: chrome=139.0.7258.138)\nStacktrace:\n\tGetHandleVerifier [0x0x7ff615b778d5+2802741]\n\tGetHandleVerifier [0x0x7ff6158deb70+79568]\n\t(No symbol) [0x0x7ff61567c0fa]\n\t(No symbol) [0x0x7ff615678ea0]\n\t(No symbol) [0x0x7ff615669cc9]\n\t(No symbol) [0x0x7ff61566ba81]\n\t(No symbol) [0x0x7ff615669fe6]\n\t(No symbol) [0x0x7ff615669a46]\n\t(No symbol) [0x0x7ff61566970a]\n\t(No symbol) [0x0x7ff6156672db]\n\t(No symbol) [0x0x7ff615667b5c]\n\t(No symbol) [0x0x7ff6156800aa]\n\t(No symbol) [0x0x7ff615723bce]\n\t(No symbol) [0x0x7ff6156fac8a]\n\t(No symbol) [0x0x7ff615722e24]\n\t(No symbol) [0x0x7ff6156faa63]\n\t(No symbol) [0x0x7ff6156c3c91]\n\t(No symbol) [0x0x7ff6156c4a23]\n\tGetHandleVerifier [0x0x7ff615ba2ced+2979917]\n\tGetHandleVerifier [0x0x7ff615b9d0f3+2956371]\n\tGetHandleVerifier [0x0x7ff615bbacbd+3078173]\n\tGetHandleVerifier [0x0x7ff6158f836e+184014]\n\tGetHandleVerifier [0x0x7ff61590024f+216495]\n\tGetHandleVerifier [0x0x7ff6158e70c4+113700]\n\tGetHandleVerifier [0x0x7ff6158e7279+114137]\n\tGetHandleVerifier [0x0x7ff6158cdf78+10968]\n\tBaseThreadInitThunk [0x0x7ffe872ae8d7+23]\n\tRtlUserThreadStart [0x0x7ffe88cdc34c+44]\n"}, "attachments": [{"name": "Keyword Log", "source": "9e1f335b-13c3-42ce-9d30-c2a624ab3676-attachment.html", "type": "text/html"}], "parameters": [{"name": "arg1", "value": "${url[\"${env}\"]}"}], "start": 1755697259607, "stop": 1755697282852}, {"name": "SeleniumLibrary.Maximize Browser Window", "status": "skipped", "statusDetails": {"message": "WebDriverException: Message: unknown error: net::ERR_CONNECTION_TIMED_OUT\n  (Session info: chrome=139.0.7258.138)\nStacktrace:\n\tGetHandleVerifier [0x0x7ff615b778d5+2802741]\n\tGetHandleVerifier [0x0x7ff6158deb70+79568]\n\t(No symbol) [0x0x7ff61567c0fa]\n\t(No symbol) [0x0x7ff615678ea0]\n\t(No symbol) [0x0x7ff615669cc9]\n\t(No symbol) [0x0x7ff61566ba81]\n\t(No symbol) [0x0x7ff615669fe6]\n\t(No symbol) [0x0x7ff615669a46]\n\t(No symbol) [0x0x7ff61566970a]\n\t(No symbol) [0x0x7ff6156672db]\n\t(No symbol) [0x0x7ff615667b5c]\n\t(No symbol) [0x0x7ff6156800aa]\n\t(No symbol) [0x0x7ff615723bce]\n\t(No symbol) [0x0x7ff6156fac8a]\n\t(No symbol) [0x0x7ff615722e24]\n\t(No symbol) [0x0x7ff6156faa63]\n\t(No symbol) [0x0x7ff6156c3c91]\n\t(No symbol) [0x0x7ff6156c4a23]\n\tGetHandleVerifier [0x0x7ff615ba2ced+2979917]\n\tGetHandleVerifier [0x0x7ff615b9d0f3+2956371]\n\tGetHandleVerifier [0x0x7ff615bbacbd+3078173]\n\tGetHandleVerifier [0x0x7ff6158f836e+184014]\n\tGetHandleVerifier [0x0x7ff61590024f+216495]\n\tGetHandleVerifier [0x0x7ff6158e70c4+113700]\n\tGetHandleVerifier [0x0x7ff6158e7279+114137]\n\tGetHandleVerifier [0x0x7ff6158cdf78+10968]\n\tBaseThreadInitThunk [0x0x7ffe872ae8d7+23]\n\tRtlUserThreadStart [0x0x7ffe88cdc34c+44]\n"}, "start": 1755697282862, "stop": 1755697282863}], "stop": 1755697282867}], "afters": [{"name": "commonKeywords.End TestCase", "status": "passed", "statusDetails": {}, "steps": [{"name": "SeleniumLibrary.Close Browser", "status": "passed", "statusDetails": {}, "start": 1755697282881, "stop": 1755697300483}], "stop": 1755697300487}]}